<?xml version="1.0" encoding="UTF-8"?>
<testsuite xmlns:xsi="http://www.w3.org/2001/XMLSchema-instance" xsi:noNamespaceSchemaLocation="https://maven.apache.org/surefire/maven-surefire-plugin/xsd/surefire-test-report.xsd" version="3.0.2" name="cucumber.Options.TestRunner" time="14.628" tests="3" errors="0" skipped="0" failures="0">
  <properties>
[...]
</properties>
  <testcase name="Verify whether Place is being successfully added using AddPlaceAPI #1" classname="Validating Place API&apos;s" time="4.587"/>
  <testcase name="Verify whether Place is being successfully added using AddPlaceAPI #2" classname="Validating Place API&apos;s" time="3.543"/>
  <testcase name="Verify if Delete Place API is working successfully" classname="Validating Place API&apos;s" time="6.183"/>
</testsuite>